<?xml version="1.0" encoding="UTF-8"?>
<!-- Generated by org.testng.reporters.JUnitReportReporter -->
<testsuite skipped="0" hostname="DESKTOP-01THEB1" name="com.craftsvilla.testscripts.SignInScripts" tests="1" failures="0" timestamp="05 May 2019 16:10:57 GMT" time="169.616" errors="0">
  <testcase name="TC_01_LoginWithMultipleCredentials" time="169.616" classname="com.craftsvilla.testscripts.SignInScripts"/>
</testsuite> <!-- com.craftsvilla.testscripts.SignInScripts -->
